# JRE version: OpenJDK Runtime Environment Temurin-17.0.7+7 (17.0.7+7) (build 17.0.7+7)
# Java VM: OpenJDK 64-Bit Server VM Temurin-17.0.7+7 (17.0.7+7, mixed mode, tiered, compressed oops, compressed class ptrs, parallel gc, windows-amd64)
GC Precious Log:
 CPUs: 4 total, 4 available
 Memory: 6092M
 Large Page Support: Disabled
 NUMA Support: Disabled
 Compressed Oops: Enabled (32-bit)
 Alignments: Space 512K, Generation 512K, Heap 2M
 Heap Min Capacity: 100M
 Heap Initial Capacity: 100M
 Heap Max Capacity: 1G
 Pre-touch: Disabled
 Parallel Workers: 4
Heap:
 PSYoungGen      total 4096K, used 3728K [0x00000000eab00000, 0x00000000eb100000, 0x0000000100000000)
  eden space 2048K, 100% used [0x00000000eab00000,0x00000000ead00000,0x00000000ead00000)
  from space 2048K, 82% used [0x00000000ead80000,0x00000000eaf24000,0x00000000eaf80000)
  to   space 1536K, 0% used [0x00000000eaf80000,0x00000000eaf80000,0x00000000eb100000)
 ParOldGen       total 98816K, used 86492K [0x00000000c0000000, 0x00000000c6080000, 0x00000000eab00000)
  object space 98816K, 87% used [0x00000000c0000000,0x00000000c5477170,0x00000000c6080000)
 Metaspace       used 74781K, committed 75840K, reserved 1179648K
  class space    used 7857K, committed 8320K, reserved 1048576K
GC Heap History (20 events):
Event: 128.583 GC heap before
{Heap before GC invocations=211 (full 9):
 PSYoungGen      total 2560K, used 1792K [0x00000000eab00000, 0x00000000eae80000, 0x0000000100000000)
  eden space 1536K, 100% used [0x00000000eab00000,0x00000000eac80000,0x00000000eac80000)
  from space 1024K, 25% used [0x00000000eac80000,0x00000000eacc0000,0x00000000ead80000)
  to   space 512K, 0% used [0x00000000eae00000,0x00000000eae00000,0x00000000eae80000)
 ParOldGen       total 98816K, used 77233K [0x00000000c0000000, 0x00000000c6080000, 0x00000000eab00000)
  object space 98816K, 78% used [0x00000000c0000000,0x00000000c4b6c620,0x00000000c6080000)
 Metaspace       used 74679K, committed 75712K, reserved 1179648K
  class space    used 7843K, committed 8320K, reserved 1048576K
}
Event: 128.584 GC heap after
{Heap after GC invocations=211 (full 9):
 PSYoungGen      total 2048K, used 384K [0x00000000eab00000, 0x00000000eae80000, 0x0000000100000000)
  eden space 1536K, 0% used [0x00000000eab00000,0x00000000eab00000,0x00000000eac80000)
  from space 512K, 75% used [0x00000000eae00000,0x00000000eae60000,0x00000000eae80000)
  to   space 512K, 0% used [0x00000000ead80000,0x00000000ead80000,0x00000000eae00000)
 ParOldGen       total 98816K, used 77409K [0x00000000c0000000, 0x00000000c6080000, 0x00000000eab00000)
  object space 98816K, 78% used [0x00000000c0000000,0x00000000c4b98620,0x00000000c6080000)
 Metaspace       used 74679K, committed 75712K, reserved 1179648K
  class space    used 7843K, committed 8320K, reserved 1048576K
}
Event: 135.478 GC heap before
{Heap before GC invocations=212 (full 9):
 PSYoungGen      total 2048K, used 1920K [0x00000000eab00000, 0x00000000eae80000, 0x0000000100000000)
  eden space 1536K, 100% used [0x00000000eab00000,0x00000000eac80000,0x00000000eac80000)
  from space 512K, 75% used [0x00000000eae00000,0x00000000eae60000,0x00000000eae80000)
  to   space 512K, 0% used [0x00000000ead80000,0x00000000ead80000,0x00000000eae00000)
 ParOldGen       total 98816K, used 77409K [0x00000000c0000000, 0x00000000c6080000, 0x00000000eab00000)
  object space 98816K, 78% used [0x00000000c0000000,0x00000000c4b98620,0x00000000c6080000)
 Metaspace       used 74702K, committed 75776K, reserved 1179648K
  class space    used 7845K, committed 8320K, reserved 1048576K
}
Event: 135.479 GC heap after
{Heap after GC invocations=212 (full 9):
 PSYoungGen      total 2048K, used 487K [0x00000000eab00000, 0x00000000eaf80000, 0x0000000100000000)
  eden space 1536K, 0% used [0x00000000eab00000,0x00000000eab00000,0x00000000eac80000)
  from space 512K, 95% used [0x00000000ead80000,0x00000000eadf9f38,0x00000000eae00000)
  to   space 1536K, 0% used [0x00000000eae00000,0x00000000eae00000,0x00000000eaf80000)
 ParOldGen       total 98816K, used 78164K [0x00000000c0000000, 0x00000000c6080000, 0x00000000eab00000)
  object space 98816K, 79% used [0x00000000c0000000,0x00000000c4c55070,0x00000000c6080000)
 Metaspace       used 74702K, committed 75776K, reserved 1179648K
  class space    used 7845K, committed 8320K, reserved 1048576K
}
Event: 135.482 GC heap before
{Heap before GC invocations=213 (full 9):
 PSYoungGen      total 2048K, used 2023K [0x00000000eab00000, 0x00000000eaf80000, 0x0000000100000000)
  eden space 1536K, 100% used [0x00000000eab00000,0x00000000eac80000,0x00000000eac80000)
  from space 512K, 95% used [0x00000000ead80000,0x00000000eadf9f38,0x00000000eae00000)
  to   space 1536K, 0% used [0x00000000eae00000,0x00000000eae00000,0x00000000eaf80000)
 ParOldGen       total 98816K, used 78164K [0x00000000c0000000, 0x00000000c6080000, 0x00000000eab00000)
  object space 98816K, 79% used [0x00000000c0000000,0x00000000c4c55070,0x00000000c6080000)
 Metaspace       used 74702K, committed 75776K, reserved 1179648K
  class space    used 7845K, committed 8320K, reserved 1048576K
}
Event: 135.483 GC heap after
{Heap after GC invocations=213 (full 9):
 PSYoungGen      total 2560K, used 1536K [0x00000000eab00000, 0x00000000eb080000, 0x0000000100000000)
  eden space 1024K, 0% used [0x00000000eab00000,0x00000000eab00000,0x00000000eac00000)
  from space 1536K, 100% used [0x00000000eae00000,0x00000000eaf80000,0x00000000eaf80000)
  to   space 2048K, 0% used [0x00000000eac00000,0x00000000eac00000,0x00000000eae00000)
 ParOldGen       total 98816K, used 78673K [0x00000000c0000000, 0x00000000c6080000, 0x00000000eab00000)
  object space 98816K, 79% used [0x00000000c0000000,0x00000000c4cd4640,0x00000000c6080000)
 Metaspace       used 74702K, committed 75776K, reserved 1179648K
  class space    used 7845K, committed 8320K, reserved 1048576K
}
Event: 135.486 GC heap before
{Heap before GC invocations=214 (full 9):
 PSYoungGen      total 2560K, used 2560K [0x00000000eab00000, 0x00000000eb080000, 0x0000000100000000)
  eden space 1024K, 100% used [0x00000000eab00000,0x00000000eac00000,0x00000000eac00000)
  from space 1536K, 100% used [0x00000000eae00000,0x00000000eaf80000,0x00000000eaf80000)
  to   space 2048K, 0% used [0x00000000eac00000,0x00000000eac00000,0x00000000eae00000)
 ParOldGen       total 98816K, used 78673K [0x00000000c0000000, 0x00000000c6080000, 0x00000000eab00000)
  object space 98816K, 79% used [0x00000000c0000000,0x00000000c4cd4640,0x00000000c6080000)
 Metaspace       used 74702K, committed 75776K, reserved 1179648K
  class space    used 7845K, committed 8320K, reserved 1048576K
}
Event: 135.487 GC heap after
{Heap after GC invocations=214 (full 9):
 PSYoungGen      total 2560K, used 1056K [0x00000000eab00000, 0x00000000eaf00000, 0x0000000100000000)
  eden space 1024K, 0% used [0x00000000eab00000,0x00000000eab00000,0x00000000eac00000)
  from space 1536K, 68% used [0x00000000eac00000,0x00000000ead08000,0x00000000ead80000)
  to   space 1536K, 0% used [0x00000000ead80000,0x00000000ead80000,0x00000000eaf00000)
 ParOldGen       total 98816K, used 80177K [0x00000000c0000000, 0x00000000c6080000, 0x00000000eab00000)
  object space 98816K, 81% used [0x00000000c0000000,0x00000000c4e4c640,0x00000000c6080000)
 Metaspace       used 74702K, committed 75776K, reserved 1179648K
  class space    used 7845K, committed 8320K, reserved 1048576K
}
Event: 135.489 GC heap before
{Heap before GC invocations=215 (full 9):
 PSYoungGen      total 2560K, used 2080K [0x00000000eab00000, 0x00000000eaf00000, 0x0000000100000000)
  eden space 1024K, 100% used [0x00000000eab00000,0x00000000eac00000,0x00000000eac00000)
  from space 1536K, 68% used [0x00000000eac00000,0x00000000ead08000,0x00000000ead80000)
  to   space 1536K, 0% used [0x00000000ead80000,0x00000000ead80000,0x00000000eaf00000)
 ParOldGen       total 98816K, used 80177K [0x00000000c0000000, 0x00000000c6080000, 0x00000000eab00000)
  object space 98816K, 81% used [0x00000000c0000000,0x00000000c4e4c640,0x00000000c6080000)
 Metaspace       used 74702K, committed 75776K, reserved 1179648K
  class space    used 7845K, committed 8320K, reserved 1048576K
}
Event: 135.491 GC heap after
{Heap after GC invocations=215 (full 9):
 PSYoungGen      total 2560K, used 1088K [0x00000000eab00000, 0x00000000eaf80000, 0x0000000100000000)
  eden space 1024K, 0% used [0x00000000eab00000,0x00000000eab00000,0x00000000eac00000)
  from space 1536K, 70% used [0x00000000ead80000,0x00000000eae90000,0x00000000eaf00000)
  to   space 1536K, 0% used [0x00000000eac00000,0x00000000eac00000,0x00000000ead80000)
 ParOldGen       total 98816K, used 81177K [0x00000000c0000000, 0x00000000c6080000, 0x00000000eab00000)
  object space 98816K, 82% used [0x00000000c0000000,0x00000000c4f46640,0x00000000c6080000)
 Metaspace       used 74702K, committed 75776K, reserved 1179648K
  class space    used 7845K, committed 8320K, reserved 1048576K
}
Event: 135.493 GC heap before
{Heap before GC invocations=216 (full 9):
 PSYoungGen      total 2560K, used 2058K [0x00000000eab00000, 0x00000000eaf80000, 0x0000000100000000)
  eden space 1024K, 94% used [0x00000000eab00000,0x00000000eabf2ab0,0x00000000eac00000)
  from space 1536K, 70% used [0x00000000ead80000,0x00000000eae90000,0x00000000eaf00000)
  to   space 1536K, 0% used [0x00000000eac00000,0x00000000eac00000,0x00000000ead80000)
 ParOldGen       total 98816K, used 81177K [0x00000000c0000000, 0x00000000c6080000, 0x00000000eab00000)
  object space 98816K, 82% used [0x00000000c0000000,0x00000000c4f46640,0x00000000c6080000)
 Metaspace       used 74702K, committed 75776K, reserved 1179648K
  class space    used 7845K, committed 8320K, reserved 1048576K
}
Event: 135.495 GC heap after
{Heap after GC invocations=216 (full 9):
 PSYoungGen      total 2560K, used 916K [0x00000000eab00000, 0x00000000eae80000, 0x0000000100000000)
  eden space 1024K, 0% used [0x00000000eab00000,0x00000000eab00000,0x00000000eac00000)
  from space 1536K, 59% used [0x00000000eac00000,0x00000000eace5000,0x00000000ead80000)
  to   space 1024K, 0% used [0x00000000ead80000,0x00000000ead80000,0x00000000eae80000)
 ParOldGen       total 98816K, used 82177K [0x00000000c0000000, 0x00000000c6080000, 0x00000000eab00000)
  object space 98816K, 83% used [0x00000000c0000000,0x00000000c5040640,0x00000000c6080000)
 Metaspace       used 74702K, committed 75776K, reserved 1179648K
  class space    used 7845K, committed 8320K, reserved 1048576K
}
Event: 135.499 GC heap before
{Heap before GC invocations=217 (full 9):
 PSYoungGen      total 2560K, used 1873K [0x00000000eab00000, 0x00000000eae80000, 0x0000000100000000)
  eden space 1024K, 93% used [0x00000000eab00000,0x00000000eabef468,0x00000000eac00000)
  from space 1536K, 59% used [0x00000000eac00000,0x00000000eace5000,0x00000000ead80000)
  to   space 1024K, 0% used [0x00000000ead80000,0x00000000ead80000,0x00000000eae80000)
 ParOldGen       total 98816K, used 82177K [0x00000000c0000000, 0x00000000c6080000, 0x00000000eab00000)
  object space 98816K, 83% used [0x00000000c0000000,0x00000000c5040640,0x00000000c6080000)
 Metaspace       used 74702K, committed 75776K, reserved 1179648K
  class space    used 7845K, committed 8320K, reserved 1048576K
}
Event: 135.500 GC heap after
{Heap after GC invocations=217 (full 9):
 PSYoungGen      total 2560K, used 848K [0x00000000eab00000, 0x00000000eae80000, 0x0000000100000000)
  eden space 1536K, 0% used [0x00000000eab00000,0x00000000eab00000,0x00000000eac80000)
  from space 1024K, 82% used [0x00000000ead80000,0x00000000eae54000,0x00000000eae80000)
  to   space 1024K, 0% used [0x00000000eac80000,0x00000000eac80000,0x00000000ead80000)
 ParOldGen       total 98816K, used 82961K [0x00000000c0000000, 0x00000000c6080000, 0x00000000eab00000)
  object space 98816K, 83% used [0x00000000c0000000,0x00000000c5104640,0x00000000c6080000)
 Metaspace       used 74702K, committed 75776K, reserved 1179648K
  class space    used 7845K, committed 8320K, reserved 1048576K
}
Event: 135.518 GC heap before
{Heap before GC invocations=218 (full 9):
 PSYoungGen      total 2560K, used 2384K [0x00000000eab00000, 0x00000000eae80000, 0x0000000100000000)
  eden space 1536K, 100% used [0x00000000eab00000,0x00000000eac80000,0x00000000eac80000)
  from space 1024K, 82% used [0x00000000ead80000,0x00000000eae54000,0x00000000eae80000)
  to   space 1024K, 0% used [0x00000000eac80000,0x00000000eac80000,0x00000000ead80000)
 ParOldGen       total 98816K, used 82961K [0x00000000c0000000, 0x00000000c6080000, 0x00000000eab00000)
  object space 98816K, 83% used [0x00000000c0000000,0x00000000c5104640,0x00000000c6080000)
 Metaspace       used 74703K, committed 75776K, reserved 1179648K
  class space    used 7845K, committed 8320K, reserved 1048576K
}
Event: 135.520 GC heap after
{Heap after GC invocations=218 (full 9):
 PSYoungGen      total 2560K, used 1018K [0x00000000eab00000, 0x00000000eb200000, 0x0000000100000000)
  eden space 1536K, 0% used [0x00000000eab00000,0x00000000eab00000,0x00000000eac80000)
  from space 1024K, 99% used [0x00000000eac80000,0x00000000ead7eb30,0x00000000ead80000)
  to   space 2560K, 0% used [0x00000000eaf80000,0x00000000eaf80000,0x00000000eb200000)
 ParOldGen       total 98816K, used 83921K [0x00000000c0000000, 0x00000000c6080000, 0x00000000eab00000)
  object space 98816K, 84% used [0x00000000c0000000,0x00000000c51f4640,0x00000000c6080000)
 Metaspace       used 74703K, committed 75776K, reserved 1179648K
  class space    used 7845K, committed 8320K, reserved 1048576K
}
Event: 135.523 GC heap before
{Heap before GC invocations=219 (full 9):
 PSYoungGen      total 2560K, used 2554K [0x00000000eab00000, 0x00000000eb200000, 0x0000000100000000)
  eden space 1536K, 100% used [0x00000000eab00000,0x00000000eac80000,0x00000000eac80000)
  from space 1024K, 99% used [0x00000000eac80000,0x00000000ead7eb30,0x00000000ead80000)
  to   space 2560K, 0% used [0x00000000eaf80000,0x00000000eaf80000,0x00000000eb200000)
 ParOldGen       total 98816K, used 83921K [0x00000000c0000000, 0x00000000c6080000, 0x00000000eab00000)
  object space 98816K, 84% used [0x00000000c0000000,0x00000000c51f4640,0x00000000c6080000)
 Metaspace       used 74703K, committed 75776K, reserved 1179648K
  class space    used 7845K, committed 8320K, reserved 1048576K
}
Event: 135.524 GC heap after
{Heap after GC invocations=219 (full 9):
 PSYoungGen      total 4096K, used 1568K [0x00000000eab00000, 0x00000000eb180000, 0x0000000100000000)
  eden space 2048K, 0% used [0x00000000eab00000,0x00000000eab00000,0x00000000ead00000)
  from space 2048K, 76% used [0x00000000eaf80000,0x00000000eb108000,0x00000000eb180000)
  to   space 2048K, 0% used [0x00000000ead80000,0x00000000ead80000,0x00000000eaf80000)
 ParOldGen       total 98816K, used 84956K [0x00000000c0000000, 0x00000000c6080000, 0x00000000eab00000)
  object space 98816K, 85% used [0x00000000c0000000,0x00000000c52f7170,0x00000000c6080000)
 Metaspace       used 74703K, committed 75776K, reserved 1179648K
  class space    used 7845K, committed 8320K, reserved 1048576K
}
Event: 135.572 GC heap before
{Heap before GC invocations=220 (full 9):
 PSYoungGen      total 4096K, used 3615K [0x00000000eab00000, 0x00000000eb180000, 0x0000000100000000)
  eden space 2048K, 99% used [0x00000000eab00000,0x00000000eacffeb0,0x00000000ead00000)
  from space 2048K, 76% used [0x00000000eaf80000,0x00000000eb108000,0x00000000eb180000)
  to   space 2048K, 0% used [0x00000000ead80000,0x00000000ead80000,0x00000000eaf80000)
 ParOldGen       total 98816K, used 84956K [0x00000000c0000000, 0x00000000c6080000, 0x00000000eab00000)
  object space 98816K, 85% used [0x00000000c0000000,0x00000000c52f7170,0x00000000c6080000)
 Metaspace       used 74703K, committed 75776K, reserved 1179648K
  class space    used 7845K, committed 8320K, reserved 1048576K
}
Event: 135.575 GC heap after
{Heap after GC invocations=220 (full 9):
 PSYoungGen      total 4096K, used 1680K [0x00000000eab00000, 0x00000000eb100000, 0x0000000100000000)
  eden space 2048K, 0% used [0x00000000eab00000,0x00000000eab00000,0x00000000ead00000)
  from space 2048K, 82% used [0x00000000ead80000,0x00000000eaf24000,0x00000000eaf80000)
  to   space 1536K, 0% used [0x00000000eaf80000,0x00000000eaf80000,0x00000000eb100000)
 ParOldGen       total 98816K, used 86492K [0x00000000c0000000, 0x00000000c6080000, 0x00000000eab00000)
  object space 98816K, 87% used [0x00000000c0000000,0x00000000c5477170,0x00000000c6080000)
 Metaspace       used 74703K, committed 75776K, reserved 1179648K
  class space    used 7845K, committed 8320K, reserved 1048576K
}

